2024-08-18T09:00:55.419395Z 0 [Warning] [MY-010097] [Server] Insecure configuration for --secure-file-priv: Current value does not restrict location of generated files. Consider setting it to a valid, non-empty path.
2024-08-18T09:00:55.419458Z 0 [Warning] [MY-010918] [Server] 'default_authentication_plugin' is deprecated and will be removed in a future release. Please use authentication_policy instead.
2024-08-18T09:00:55.419656Z 0 [System] [MY-010116] [Server] C:\laragon\bin\mysql\mysql-8.0.30-winx64\bin\mysqld (mysqld 8.0.30) starting as process 20040
2024-08-18T09:00:55.455877Z 1 [System] [MY-013576] [InnoDB] InnoDB initialization has started.
2024-08-18T09:00:55.684727Z 1 [System] [MY-013577] [InnoDB] InnoDB initialization has ended.
2024-08-18T09:00:56.173010Z 0 [Warning] [MY-013829] [Server] Missing data directory for ICU regular expressions: C:\laragon\bin\mysql\mysql-8.0.30-winx64\lib\private\.
2024-08-18T09:00:56.176972Z 0 [Warning] [MY-010068] [Server] CA certificate ca.pem is self signed.
2024-08-18T09:00:56.177685Z 0 [System] [MY-013602] [Server] Channel mysql_main configured to support TLS. Encrypted connections are now supported for this channel.
2024-08-18T09:00:56.224488Z 0 [System] [MY-011323] [Server] X Plugin ready for connections. Bind-address: '::' port: 33060
2024-08-18T09:00:56.224565Z 0 [System] [MY-010931] [Server] C:\laragon\bin\mysql\mysql-8.0.30-winx64\bin\mysqld: ready for connections. Version: '8.0.30'  socket: ''  port: 3306  MySQL Community Server - GPL.
2024-08-28T08:53:48.416673Z 0 [Warning] [MY-010097] [Server] Insecure configuration for --secure-file-priv: Current value does not restrict location of generated files. Consider setting it to a valid, non-empty path.
2024-08-28T08:53:48.417373Z 0 [Warning] [MY-010918] [Server] 'default_authentication_plugin' is deprecated and will be removed in a future release. Please use authentication_policy instead.
2024-08-28T08:53:48.417398Z 0 [System] [MY-010116] [Server] C:\laragon\bin\mysql\mysql-8.0.30-winx64\bin\mysqld (mysqld 8.0.30) starting as process 10280
2024-08-28T08:53:48.511962Z 1 [System] [MY-013576] [InnoDB] InnoDB initialization has started.
2024-08-28T08:53:49.121643Z 1 [System] [MY-013577] [InnoDB] InnoDB initialization has ended.
2024-08-28T08:53:49.378751Z 0 [System] [MY-010229] [Server] Starting XA crash recovery...
2024-08-28T08:53:49.386132Z 0 [System] [MY-010232] [Server] XA crash recovery finished.
2024-08-28T08:53:49.421979Z 0 [Warning] [MY-013829] [Server] Missing data directory for ICU regular expressions: C:\laragon\bin\mysql\mysql-8.0.30-winx64\lib\private\.
2024-08-28T08:53:49.458288Z 0 [Warning] [MY-010068] [Server] CA certificate ca.pem is self signed.
2024-08-28T08:53:49.458629Z 0 [System] [MY-013602] [Server] Channel mysql_main configured to support TLS. Encrypted connections are now supported for this channel.
2024-08-28T08:53:49.522340Z 0 [System] [MY-011323] [Server] X Plugin ready for connections. Bind-address: '::' port: 33060
2024-08-28T08:53:49.522442Z 0 [System] [MY-010931] [Server] C:\laragon\bin\mysql\mysql-8.0.30-winx64\bin\mysqld: ready for connections. Version: '8.0.30'  socket: ''  port: 3306  MySQL Community Server - GPL.
2024-08-28T08:53:51.998987Z 8 [System] [MY-013172] [Server] Received SHUTDOWN from user root. Shutting down mysqld (Version: 8.0.30).
2024-08-28T08:53:51.999670Z 0 [System] [MY-013105] [Server] C:\laragon\bin\mysql\mysql-8.0.30-winx64\bin\mysqld: Normal shutdown.
2024-08-28T08:53:52.529853Z 0 [System] [MY-010910] [Server] C:\laragon\bin\mysql\mysql-8.0.30-winx64\bin\mysqld: Shutdown complete (mysqld 8.0.30)  MySQL Community Server - GPL.
2024-08-28T08:53:54.397677Z 0 [Warning] [MY-010097] [Server] Insecure configuration for --secure-file-priv: Current value does not restrict location of generated files. Consider setting it to a valid, non-empty path.
2024-08-28T08:53:54.397725Z 0 [Warning] [MY-010918] [Server] 'default_authentication_plugin' is deprecated and will be removed in a future release. Please use authentication_policy instead.
2024-08-28T08:53:54.397748Z 0 [System] [MY-010116] [Server] C:\laragon\bin\mysql\mysql-8.0.30-winx64\bin\mysqld (mysqld 8.0.30) starting as process 23712
2024-08-28T08:53:54.441631Z 1 [System] [MY-013576] [InnoDB] InnoDB initialization has started.
2024-08-28T08:53:54.702657Z 1 [System] [MY-013577] [InnoDB] InnoDB initialization has ended.
2024-08-28T08:53:55.050064Z 0 [Warning] [MY-013829] [Server] Missing data directory for ICU regular expressions: C:\laragon\bin\mysql\mysql-8.0.30-winx64\lib\private\.
2024-08-28T08:53:55.053506Z 0 [Warning] [MY-010068] [Server] CA certificate ca.pem is self signed.
2024-08-28T08:53:55.053794Z 0 [System] [MY-013602] [Server] Channel mysql_main configured to support TLS. Encrypted connections are now supported for this channel.
2024-08-28T08:53:55.083599Z 0 [System] [MY-011323] [Server] X Plugin ready for connections. Bind-address: '::' port: 33060
2024-08-28T08:53:55.083696Z 0 [System] [MY-010931] [Server] C:\laragon\bin\mysql\mysql-8.0.30-winx64\bin\mysqld: ready for connections. Version: '8.0.30'  socket: ''  port: 3306  MySQL Community Server - GPL.
